    [ID] => MEU ID DO RESPOSTA PUBLIGIN 96101
)
Array
(
    [ID] => MEU ID DO RESPOSTA PUBLIGIN 96107
)
Array
(
    [ID] => MEU ID DO RESPOSTA PUBLIGIN 132443
)
Array
(
    [ID] => MEU ID DO RESPOSTA PUBLIGIN 109982
)
Array
(
    [ID] => MEU ID DO RESPOSTA PUBLIGIN 109984
)
Array
(
    [ID] => MEU ID DO RESPOSTA PUBLIGIN 109987
)
Array
(
    [ID] => MEU ID DO RESPOSTA PUBLIGIN 109992
)
Array
(
    [ID] => MEU ID DO RESPOSTA PUBLIGIN 109997
)
Array
(
    [ID] => MEU ID DO RESPOSTA PUBLIGIN NÃO INSERIU / DUPLICATA
)
Array
(
    [ID] => MEU ID DO RESPOSTA PUBLIGIN NÃO INSERIU / DUPLICATA
)
Array
(
    [ID] => MEU ID DO RESPOSTA PUBLIGIN NÃO INSERIU / DUPLICATA
)
Array
(
    [ID] => MEU ID DO RESPOSTA PUBLIGIN NÃO INSERIU / DUPLICATA
)
Array
(
    [ID] => MEU ID DO RESPOSTA PUBLIGIN NÃO INSERIU / DUPLICATA
)
Array
(
    [ID] => MEU ID DO RESPOSTA PUBLIGIN NÃO INSERIU / DUPLICATA
)
Array
(
    [ID] => MEU ID DO RESPOSTA PUBLIGIN NÃO INSERIU / DUPLICATA
)
Array
(
    [ID] => MEU ID DO RESPOSTA PUBLIGIN NÃO INSERIU / DUPLICATA
)
Array
(
    [ID] => MEU ID DO RESPOSTA PUBLIGIN 200162
)
Array
(
    [ID] => MEU ID DO RESPOSTA PUBLIGIN 200240
)
Array
(
    [ID] => MEU ID DO RESPOSTA PUBLIGIN 200742
)
Array
(
    [ID] => MEU ID DO RESPOSTA PUBLIGIN 201553
)
Array
(
    [ID] => MEU ID DO RESPOSTA PUBLIGIN 202071
)
Array
(
    [ID] => MEU ID DO RESPOSTA PUBLIGIN 204902
)
Array
(
    [ID] => MEU ID DO RESPOSTA PUBLIGIN 206968
)
Array
(
    [ID] => MEU ID DO RESPOSTA PUBLIGIN 208873
)
Array
(
    [ID] => MEU ID DO RESPOSTA PUBLIGIN 212212
)
Array
(
    [ID] => MEU ID DO RESPOSTA PUBLIGIN 217689
)
Array
(
    [ID] => MEU ID DO RESPOSTA PUBLIGIN 219874
)
Array
(
    [ID] => MEU ID DO RESPOSTA PUBLIGIN 223229
)
Array
(
    [ID] => MEU ID DO RESPOSTA PUBLIGIN 228005
)
Array
(
    [ID] => MEU ID DO RESPOSTA PUBLIGIN 233351
)
Array
(
    [ID] => MEU ID DO RESPOSTA PUBLIGIN 238609
)
Array
(
    [ID] => MEU ID DO RESPOSTA PUBLIGIN 245638
)
Array
(
    [ID] => MEU ID DO RESPOSTA PUBLIGIN 250871
)
Array
(
    [ID] => MEU ID DO RESPOSTA PUBLIGIN 255745
)
Array
(
    [ID] => MEU ID DO RESPOSTA PUBLIGIN 255820
)
Array
(
    [ID] => MEU ID DO RESPOSTA PUBLIGIN 257273
)
Array
(
    [ID] => MEU ID DO RESPOSTA PUBLIGIN 262161
)
Array
(
    [ID] => MEU ID DO RESPOSTA PUBLIGIN 263691
)
Array
(
    [ID] => MEU ID DO RESPOSTA PUBLIGIN 265780
)
Array
(
    [ID] => MEU ID DO RESPOSTA PUBLIGIN 270585
)
Array
(
    [ID] => MEU ID DO RESPOSTA PUBLIGIN 275541
)
Array
(
    [ID] => MEU ID DO RESPOSTA PUBLIGIN 280263
)
Array
(
    [ID] => MEU ID DO RESPOSTA PUBLIGIN 283098
)
Array
(
    [ID] => MEU ID DO RESPOSTA PUBLIGIN 283791
)
Array
(
    [ID] => MEU ID DO RESPOSTA PUBLIGIN 285801
)
Array
(
    [ID] => MEU ID DO RESPOSTA PUBLIGIN 291250
)
Array
(
    [ID] => MEU ID DO RESPOSTA PUBLIGIN 291253
)
Array
(
    [ID] => MEU ID DO RESPOSTA PUBLIGIN 291264
)
Array
(
    [ID] => MEU ID DO RESPOSTA PUBLIGIN 291266
)
Array
(
    [ID] => MEU ID DO RESPOSTA PUBLIGIN 291271
)
Array
(
    [ID] => MEU ID DO RESPOSTA PUBLIGIN 291275
)
Array
(
    [ID] => MEU ID DO RESPOSTA PUBLIGIN 291296
)
Array
(
    [ID] => MEU ID DO RESPOSTA PUBLIGIN 291325
)
Array
(
    [ID] => MEU ID DO RESPOSTA PUBLIGIN 291400
)
Array
(
    [ID] => MEU ID DO RESPOSTA PUBLIGIN 298532
)
Array
(
    [ID] => MEU ID DO RESPOSTA PUBLIGIN 299084
)
Array
(
    [ID] => MEU ID DO RESPOSTA PUBLIGIN 302794
)
Array
(
    [ID] => MEU ID DO RESPOSTA PUBLIGIN 303937
)
Array
(
    [ID] => MEU ID DO RESPOSTA PUBLIGIN 306590
)
Array
(
    [ID] => MEU ID DO RESPOSTA PUBLIGIN 309404
)
Array
(
    [ID] => MEU ID DO RESPOSTA PUBLIGIN 309541
)
Array
(
    [ID] => MEU ID DO RESPOSTA PUBLIGIN 311951
)
Array
(
    [ID] => MEU ID DO RESPOSTA PUBLIGIN 314350
)
Array
(
    [ID] => MEU ID DO RESPOSTA PUBLIGIN 316332
)
Array
(
    [ID] => MEU ID DO RESPOSTA PUBLIGIN 319229
)
Array
(
    [ID] => MEU ID DO RESPOSTA PUBLIGIN 319895
)
Array
(
    [ID] => MEU ID DO RESPOSTA PUBLIGIN 320487
)
Array
(
    [ID] => MEU ID DO RESPOSTA PUBLIGIN 321170
)
Array
(
    [ID] => MEU ID DO RESPOSTA PUBLIGIN 321721
)
Array
(
    [ID] => MEU ID DO RESPOSTA PUBLIGIN 322292
)
Array
(
    [ID] => MEU ID DO RESPOSTA PUBLIGIN 326768
)
Array
(
    [ID] => MEU ID DO RESPOSTA PUBLIGIN 327619
)
Array
(
    [ID] => MEU ID DO RESPOSTA PUBLIGIN 329358
)
Array
(
    [ID] => MEU ID DO RESPOSTA PUBLIGIN 330154
)
Array
(
    [ID] => MEU ID DO RESPOSTA PUBLIGIN 331880
)
Array
(
    [ID] => MEU ID DO RESPOSTA PUBLIGIN 333121
)
Array
(
    [ID] => MEU ID DO RESPOSTA PUBLIGIN 333419
)
Array
(
    [ID] => MEU ID DO RESPOSTA PUBLIGIN 333772
)
Array
(
    [ID] => MEU ID DO RESPOSTA PUBLIGIN 334315
)
Array
(
    [ID] => MEU ID DO RESPOSTA PUBLIGIN 334742
)
Array
(
    [ID] => MEU ID DO RESPOSTA PUBLIGIN 335300
)
Array
(
    [ID] => MEU ID DO RESPOSTA PUBLIGIN 335649
)
Array
(
    [ID] => MEU ID DO RESPOSTA PUBLIGIN 335693
)
Array
(
    [ID] => MEU ID DO RESPOSTA PUBLIGIN 335706
)
Array
(
    [ID] => MEU ID DO RESPOSTA PUBLIGIN 335855
)
Array
(
    [ID] => MEU ID DO RESPOSTA PUBLIGIN 338053
)
Array
(
    [ID] => MEU ID DO RESPOSTA PUBLIGIN 338357
)
Array
(
    [ID] => MEU ID DO RESPOSTA PUBLIGIN 340185
)
Array
(
    [ID] => MEU ID DO RESPOSTA PUBLIGIN 343097
)
Array
(
    [ID] => MEU ID DO RESPOSTA PUBLIGIN 343126
)
Array
(
    [ID] => MEU ID DO RESPOSTA PUBLIGIN 343155
)
Array
(
    [ID] => MEU ID DO RESPOSTA PUBLIGIN 344907
)
Array
(
    [ID] => MEU ID DO RESPOSTA PUBLIGIN 351989
)
Array
(
    [ID] => MEU ID DO RESPOSTA PUBLIGIN 352645
)
Array
(
    [ID] => MEU ID DO RESPOSTA PUBLIGIN 355354
)
Array
(
    [ID] => MEU ID DO RESPOSTA PUBLIGIN 362454
)
Array
(
    [ID] => MEU ID DO RESPOSTA PUBLIGIN 364026
)
Array
(
    [ID] => MEU ID DO RESPOSTA PUBLIGIN 369967
)
Array
(
    [ID] => MEU ID DO RESPOSTA PUBLIGIN 372170
)
Array
(
    [ID] => MEU ID DO RESPOSTA PUBLIGIN 372525
)
Array
(
    [ID] => MEU ID DO RESPOSTA PUBLIGIN 375052
)
Array
(
    [ID] => MEU ID DO RESPOSTA PUBLIGIN 377713
)
Array
(
    [ID] => MEU ID DO RESPOSTA PUBLIGIN 380225
)
Array
(
    [ID] => MEU ID DO RESPOSTA PUBLIGIN 382819
)
Array
(
    [ID] => MEU ID DO RESPOSTA PUBLIGIN 385285
)
Array
(
    [ID] => MEU ID DO RESPOSTA PUBLIGIN 387854
)
Array
(
    [ID] => MEU ID DO RESPOSTA PUBLIGIN 390405
)
Array
(
    [ID] => MEU ID DO RESPOSTA PUBLIGIN 393001
)
Array
(
    [ID] => MEU ID DO RESPOSTA PUBLIGIN 395661
)
Array
(
    [ID] => MEU ID DO RESPOSTA PUBLIGIN 398177
)
Array
(
    [ID] => MEU ID DO RESPOSTA PUBLIGIN 400833
)
Array
(
    [ID] => MEU ID DO RESPOSTA PUBLIGIN 403485
)
Array
(
    [ID] => MEU ID DO RESPOSTA PUBLIGIN 406013
)
Array
(
    [ID] => MEU ID DO RESPOSTA PUBLIGIN 408617
)
Array
(
    [ID] => MEU ID DO RESPOSTA PUBLIGIN 411322
)
Array
(
    [ID] => MEU ID DO RESPOSTA PUBLIGIN 413967
)
Array
(
    [ID] => MEU ID DO RESPOSTA PUBLIGIN 416824
)
Array
(
    [ID] => MEU ID DO RESPOSTA PUBLIGIN 419330
)
Array
(
    [ID] => MEU ID DO RESPOSTA PUBLIGIN 422229
)
Array
(
    [ID] => MEU ID DO RESPOSTA PUBLIGIN 424941
)
Array
(
    [ID] => MEU ID DO RESPOSTA PUBLIGIN 427774
)
Array
(
    [ID] => MEU ID DO RESPOSTA PUBLIGIN 430387
)
Array
(
    [ID] => MEU ID DO RESPOSTA PUBLIGIN 433183
)
Array
(
    [ID] => MEU ID DO RESPOSTA PUBLIGIN 436235
)
Array
(
    [ID] => MEU ID DO RESPOSTA PUBLIGIN 439372
)
Array
(
    [ID] => MEU ID DO RESPOSTA PUBLIGIN 442337
)
Array
(
    [ID] => MEU ID DO RESPOSTA PUBLIGIN 442428
)
Array
(
    [ID] => MEU ID DO RESPOSTA PUBLIGIN 443965
)
Array
(
    [ID] => MEU ID DO RESPOSTA PUBLIGIN 444792
)
Array
(
    [ID] => MEU ID DO RESPOSTA PUBLIGIN 447520
)
Array
(
    [ID] => MEU ID DO RESPOSTA PUBLIGIN 450108
)
Array
(
    [ID] => MEU ID DO RESPOSTA PUBLIGIN 452454
)
Array
(
    [ID] => MEU ID DO RESPOSTA PUBLIGIN 452870
)
Array
(
    [ID] => MEU ID DO RESPOSTA PUBLIGIN 455190
)
Array
(
    [ID] => MEU ID DO RESPOSTA PUBLIGIN 457589
)
Array
(
    [ID] => MEU ID DO RESPOSTA PUBLIGIN 457821
)
Array
(
    [ID] => MEU ID DO RESPOSTA PUBLIGIN 457937
)
Array
(
    [ID] => MEU ID DO RESPOSTA PUBLIGIN 458151
)
Array
(
    [ID] => MEU ID DO RESPOSTA PUBLIGIN 458853
)
Array
(
    [ID] => MEU ID DO RESPOSTA PUBLIGIN 459308
)
Array
(
    [ID] => MEU ID DO RESPOSTA PUBLIGIN 459435
)
Array
(
    [ID] => MEU ID DO RESPOSTA PUBLIGIN 459473
)
Array
(
    [ID] => MEU ID DO RESPOSTA PUBLIGIN 459558
)
Array
(
    [ID] => MEU ID DO RESPOSTA PUBLIGIN 459579
)
Array
(
    [ID] => MEU ID DO RESPOSTA PUBLIGIN 459780
)
Array
(
    [ID] => MEU ID DO RESPOSTA PUBLIGIN 459909
)
Array
(
    [ID] => MEU ID DO RESPOSTA PUBLIGIN 460060
)
Array
(
    [ID] => MEU ID DO RESPOSTA PUBLIGIN 460319
)
Array
(
    [ID] => MEU ID DO RESPOSTA PUBLIGIN 460716
)
Array
(
    [ID] => MEU ID DO RESPOSTA PUBLIGIN 462526
)
Array
(
    [ID] => MEU ID DO RESPOSTA PUBLIGIN 463386
)
Array
(
    [ID] => MEU ID DO RESPOSTA PUBLIGIN 466022
)
Array
(
    [ID] => MEU ID DO RESPOSTA PUBLIGIN 468403
)
Array
(
    [ID] => MEU ID DO RESPOSTA PUBLIGIN 469963
)
Array
(
    [ID] => MEU ID DO RESPOSTA PUBLIGIN 471448
)
Array
(
    [ID] => MEU ID DO RESPOSTA PUBLIGIN 474074
)
Array
(
    [ID] => MEU ID DO RESPOSTA PUBLIGIN 476507
)
Array
(
    [ID] => MEU ID DO RESPOSTA PUBLIGIN 479148
)
Array
(
    [ID] => MEU ID DO RESPOSTA PUBLIGIN 481825
)
Array
(
    [ID] => MEU ID DO RESPOSTA PUBLIGIN 484301
)
Array
(
    [ID] => MEU ID DO RESPOSTA PUBLIGIN 488448
)
Array
(
    [ID] => MEU ID DO RESPOSTA PUBLIGIN 491296
)
Array
(
    [ID] => MEU ID DO RESPOSTA PUBLIGIN 493894
)
Array
(
    [ID] => MEU ID DO RESPOSTA PUBLIGIN 498638
)
Array
(
    [ID] => MEU ID DO RESPOSTA PUBLIGIN 502995
)
Array
(
    [ID] => MEU ID DO RESPOSTA PUBLIGIN 505437
)
Array
(
    [ID] => MEU ID DO RESPOSTA PUBLIGIN 508423
)
Array
(
    [ID] => MEU ID DO RESPOSTA PUBLIGIN 513310
)
Array
(
    [ID] => MEU ID DO RESPOSTA PUBLIGIN 517541
)
Array
(
    [ID] => MEU ID DO RESPOSTA PUBLIGIN 520013
)
Array
(
    [ID] => MEU ID DO RESPOSTA PUBLIGIN 523199
)
Array
(
    [ID] => MEU ID DO RESPOSTA PUBLIGIN 527125
)
Array
(
    [ID] => MEU ID DO RESPOSTA PUBLIGIN 527860
)
Array
(
    [ID] => MEU ID DO RESPOSTA PUBLIGIN 532152
)
Array
(
    [ID] => MEU ID DO RESPOSTA PUBLIGIN 534710
)
Array
(
    [ID] => MEU ID DO RESPOSTA PUBLIGIN 537670
)
Array
(
    [ID] => MEU ID DO RESPOSTA PUBLIGIN 542672
)
Array
(
    [ID] => MEU ID DO RESPOSTA PUBLIGIN 546603
)
Array
(
    [ID] => MEU ID DO RESPOSTA PUBLIGIN 547483
)
Array
(
    [ID] => MEU ID DO RESPOSTA PUBLIGIN 548132
)
Array
(
    [ID] => MEU ID DO RESPOSTA PUBLIGIN 552448
)
Array
(
    [ID] => MEU ID DO RESPOSTA PUBLIGIN 556872
)
Array
(
    [ID] => MEU ID DO RESPOSTA PUBLIGIN 559312
)
Array
(
    [ID] => MEU ID DO RESPOSTA PUBLIGIN 562046
)
Array
(
    [ID] => MEU ID DO RESPOSTA PUBLIGIN 566937
)
Array
(
    [ID] => MEU ID DO RESPOSTA PUBLIGIN 571550
)
Array
(
    [ID] => MEU ID DO RESPOSTA PUBLIGIN 574469
)
Array
(
    [ID] => MEU ID DO RESPOSTA PUBLIGIN 576902
)
Array
(
    [ID] => MEU ID DO RESPOSTA PUBLIGIN 580396
)
Array
(
    [ID] => MEU ID DO RESPOSTA PUBLIGIN 582665
)
Array
(
    [ID] => MEU ID DO RESPOSTA PUBLIGIN 585274
)
Array
(
    [ID] => MEU ID DO RESPOSTA PUBLIGIN 590417
)
Array
(
    [ID] => MEU ID DO RESPOSTA PUBLIGIN 594850
)
Array
(
    [ID] => MEU ID DO RESPOSTA PUBLIGIN 597614
)
Array
(
    [ID] => MEU ID DO RESPOSTA PUBLIGIN 600207
)
Array
(
    [ID] => MEU ID DO RESPOSTA PUBLIGIN 605165
)
Array
(
    [ID] => MEU ID DO RESPOSTA PUBLIGIN 610236
)
Array
(
    [ID] => MEU ID DO RESPOSTA PUBLIGIN 613723
)
Array
(
    [ID] => MEU ID DO RESPOSTA PUBLIGIN 615709
)
Array
(
    [ID] => MEU ID DO RESPOSTA PUBLIGIN 620171
)
Array
(
    [ID] => MEU ID DO RESPOSTA PUBLIGIN 624831
)
Array
(
    [ID] => MEU ID DO RESPOSTA PUBLIGIN 629301
)
Array
(
    [ID] => MEU ID DO RESPOSTA PUBLIGIN 632243
)
Array
(
    [ID] => MEU ID DO RESPOSTA PUBLIGIN 633186
)
Array
(
    [ID] => MEU ID DO RESPOSTA PUBLIGIN 633319
)
Array
(
    [ID] => MEU ID DO RESPOSTA PUBLIGIN 633477
)
Array
(
    [ID] => MEU ID DO RESPOSTA PUBLIGIN 633502
)
Array
(
    [ID] => MEU ID DO RESPOSTA PUBLIGIN 634038
)
Array
(
    [ID] => MEU ID DO RESPOSTA PUBLIGIN 634242
)
Array
(
    [ID] => MEU ID DO RESPOSTA PUBLIGIN 635086
)
Array
(
    [ID] => MEU ID DO RESPOSTA PUBLIGIN 638929
)
Array
(
    [ID] => MEU ID DO RESPOSTA PUBLIGIN 638931
)
Array
(
    [ID] => MEU ID DO RESPOSTA PUBLIGIN 643655
)
Array
(
    [ID] => MEU ID DO RESPOSTA PUBLIGIN 647315
)
Array
(
    [ID] => MEU ID DO RESPOSTA PUBLIGIN 649423
)
Array
(
    [ID] => MEU ID DO RESPOSTA PUBLIGIN 651160
)
Array
(
    [ID] => MEU ID DO RESPOSTA PUBLIGIN 652707
)
Array
(
    [ID] => MEU ID DO RESPOSTA PUBLIGIN 653344
)
Array
(
    [ID] => MEU ID DO RESPOSTA PUBLIGIN 655518
)
Array
(
    [ID] => MEU ID DO RESPOSTA PUBLIGIN 658175
)
Array
(
    [ID] => MEU ID DO RESPOSTA PUBLIGIN 663065
)
Array
(
    [ID] => MEU ID DO RESPOSTA PUBLIGIN 666847
)
Array
(
    [ID] => MEU ID DO RESPOSTA PUBLIGIN 669211
)
Array
(
    [ID] => MEU ID DO RESPOSTA PUBLIGIN 672776
)
Array
(
    [ID] => MEU ID DO RESPOSTA PUBLIGIN 674307
)
Array
(
    [ID] => MEU ID DO RESPOSTA PUBLIGIN 676490
)
Array
(
    [ID] => MEU ID DO RESPOSTA PUBLIGIN 676525
)
Array
(
    [ID] => MEU ID DO RESPOSTA PUBLIGIN 676556
)
Array
(
    [ID] => MEU ID DO RESPOSTA PUBLIGIN 676591
)
Array
(
    [ID] => MEU ID DO RESPOSTA PUBLIGIN 676626
)
Array
(
    [ID] => MEU ID DO RESPOSTA PUBLIGIN 676661
)
Array
(
    [ID] => MEU ID DO RESPOSTA PUBLIGIN 677015
)
Array
(
    [ID] => MEU ID DO RESPOSTA PUBLIGIN 677050
)
Array
(
    [ID] => MEU ID DO RESPOSTA PUBLIGIN 677085
)
Array
(
    [ID] => MEU ID DO RESPOSTA PUBLIGIN 677120
)
Array
(
    [ID] => MEU ID DO RESPOSTA PUBLIGIN 677155
)
Array
(
    [ID] => MEU ID DO RESPOSTA PUBLIGIN 677509
)
Array
(
    [ID] => MEU ID DO RESPOSTA PUBLIGIN 677544
)
Array
(
    [ID] => MEU ID DO RESPOSTA PUBLIGIN 677620
)
Array
(
    [ID] => MEU ID DO RESPOSTA PUBLIGIN 677625
)
Array
(
    [ID] => MEU ID DO RESPOSTA PUBLIGIN 677629
)
Array
(
    [ID] => MEU ID DO RESPOSTA PUBLIGIN 677632
)
Array
(
    [ID] => MEU ID DO RESPOSTA PUBLIGIN 677634
)
Array
(
    [ID] => MEU ID DO RESPOSTA PUBLIGIN 677685
)
Array
(
    [ID] => MEU ID DO RESPOSTA PUBLIGIN 677687
)
Array
(
    [ID] => MEU ID DO RESPOSTA PUBLIGIN 677694
)
Array
(
    [ID] => MEU ID DO RESPOSTA PUBLIGIN 677695
)
Array
(
    [ID] => MEU ID DO RESPOSTA PUBLIGIN 677696
)
Array
(
    [ID] => MEU ID DO RESPOSTA PUBLIGIN 680155
)
Array
(
    [ID] => MEU ID DO RESPOSTA PUBLIGIN 682686
)
Array
(
    [ID] => MEU ID DO RESPOSTA PUBLIGIN 685318
)
Array
(
    [ID] => MEU ID DO RESPOSTA PUBLIGIN 685621
)
Array
(
    [ID] => MEU ID DO RESPOSTA PUBLIGIN NÃO INSERIU / DUPLICATA
)
Array
(
    [ID] => MEU ID DO RESPOSTA PUBLIGIN 688438
)
Array
(
    [ID] => MEU ID DO RESPOSTA PUBLIGIN 688491
)
Array
(
    [ID] => MEU ID DO RESPOSTA PUBLIGIN NÃO INSERIU / DUPLICATA
)
Array
(
    [ID] => MEU ID DO RESPOSTA PUBLIGIN 688495
)
Array
(
    [ID] => MEU ID DO RESPOSTA PUBLIGIN NÃO INSERIU / DUPLICATA
)
Array
(
    [ID] => MEU ID DO RESPOSTA PUBLIGIN 691105
)
Array
(
    [ID] => MEU ID DO RESPOSTA PUBLIGIN 691107
)
Array
(
    [ID] => MEU ID DO RESPOSTA PUBLIGIN 691108
)
Array
(
    [ID] => MEU ID DO RESPOSTA PUBLIGIN NÃO INSERIU / DUPLICATA
)
Array
(
    [ID] => MEU ID DO RESPOSTA PUBLIGIN NÃO INSERIU / DUPLICATA
)
Array
(
    [ID] => MEU ID DO RESPOSTA PUBLIGIN 694872
)
Array
(
    [ID] => MEU ID DO RESPOSTA PUBLIGIN NÃO INSERIU / DUPLICATA
)
Array
(
    [ID] => MEU ID DO RESPOSTA PUBLIGIN NÃO INSERIU / DUPLICATA
)
Array
(
    [ID] => MEU ID DO RESPOSTA PUBLIGIN NÃO INSERIU / DUPLICATA
)
Array
(
    [ID] => MEU ID DO RESPOSTA PUBLIGIN 696337
)
Array
(
    [ID] => MEU ID DO RESPOSTA PUBLIGIN NÃO INSERIU / DUPLICATA
)
Array
(
    [ID] => MEU ID DO RESPOSTA PUBLIGIN 699086
)
Array
(
    [ID] => MEU ID DO RESPOSTA PUBLIGIN 711113
)
Array
(
    [ID] => MEU ID DO RESPOSTA PUBLIGIN 711114
)
Array
(
    [ID] => MEU ID DO RESPOSTA PUBLIGIN 711115
)
Array
(
    [ID] => MEU ID DO RESPOSTA PUBLIGIN 712501
)
Array
(
    [ID] => MEU ID DO RESPOSTA PUBLIGIN 713352
)
Array
(
    [ID] => MEU ID DO RESPOSTA PUBLIGIN 714879
)
Array
(
    [ID] => MEU ID DO RESPOSTA PUBLIGIN 786117
)
Array
(
    [ID] => MEU ID DO RESPOSTA PUBLIGIN 786264
)
Array
(
    [ID] => MEU ID DO RESPOSTA PUBLIGIN 786405
)
Array
(
    [ID] => MEU ID DO RESPOSTA PUBLIGIN 786553
)
Array
(
    [ID] => MEU ID DO RESPOSTA PUBLIGIN 786684
)
Array
(
    [ID] => MEU ID DO RESPOSTA PUBLIGIN 786782
)
Array
(
    [ID] => MEU ID DO RESPOSTA PUBLIGIN 786905
)
Array
(
    [ID] => MEU ID DO RESPOSTA PUBLIGIN 787020
)
Array
(
    [ID] => MEU ID DO RESPOSTA PUBLIGIN 787130
)
Array
(
    [ID] => MEU ID DO RESPOSTA PUBLIGIN 787248
)
Array
(
    [ID] => MEU ID DO RESPOSTA PUBLIGIN 787352
)
Array
(
    [ID] => MEU ID DO RESPOSTA PUBLIGIN 787543
)
Array
(
    [ID] => MEU ID DO RESPOSTA PUBLIGIN 787689
)
Array
(
    [ID] => MEU ID DO RESPOSTA PUBLIGIN 787814
)
Array
(
    [ID] => MEU ID DO RESPOSTA PUBLIGIN 787968
)
Array
(
    [ID] => MEU ID DO RESPOSTA PUBLIGIN 788062
)
Array
(
    [ID] => MEU ID DO RESPOSTA PUBLIGIN 788187
)
Array
(
    [ID] => MEU ID DO RESPOSTA PUBLIGIN 788257
)
Array
(
    [ID] => MEU ID DO RESPOSTA PUBLIGIN 788376
)
Array
(
    [ID] => MEU ID DO RESPOSTA PUBLIGIN 788478
)
Array
(
    [ID] => MEU ID DO RESPOSTA PUBLIGIN 788547
)
Array
(
    [ID] => MEU ID DO RESPOSTA PUBLIGIN 788639
)
Array
(
    [ID] => MEU ID DO RESPOSTA PUBLIGIN 788731
)
Array
(
    [ID] => MEU ID DO RESPOSTA PUBLIGIN 788846
)
Array
(
    [ID] => MEU ID DO RESPOSTA PUBLIGIN 788952
)
Array
(
    [ID] => MEU ID DO RESPOSTA PUBLIGIN 789046
)
Array
(
    [ID] => MEU ID DO RESPOSTA PUBLIGIN 789139
)
Array
(
    [ID] => MEU ID DO RESPOSTA PUBLIGIN 789243
)
Array
(
    [ID] => MEU ID DO RESPOSTA PUBLIGIN 789335
)
Array
(
    [ID] => MEU ID DO RESPOSTA PUBLIGIN 789459
)
Array
(
    [ID] => MEU ID DO RESPOSTA PUBLIGIN 789592
)
Array
(
    [ID] => MEU ID DO RESPOSTA PUBLIGIN 789694
)
Array
(
    [ID] => MEU ID DO RESPOSTA PUBLIGIN 789825
)
Array
(
    [ID] => MEU ID DO RESPOSTA PUBLIGIN 789910
)
Array
(
    [ID] => MEU ID DO RESPOSTA PUBLIGIN 790018
)
Array
(
    [ID] => MEU ID DO RESPOSTA PUBLIGIN 790093
)
Array
(
    [ID] => MEU ID DO RESPOSTA PUBLIGIN 790178
)
Array
(
    [ID] => MEU ID DO RESPOSTA PUBLIGIN 790344
)
Array
(
    [ID] => MEU ID DO RESPOSTA PUBLIGIN 790426
)
Array
(
    [ID] => MEU ID DO RESPOSTA PUBLIGIN 790504
)
Array
(
    [ID] => MEU ID DO RESPOSTA PUBLIGIN 790595
)
Array
(
    [ID] => MEU ID DO RESPOSTA PUBLIGIN 790676
)
Array
(
    [ID] => MEU ID DO RESPOSTA PUBLIGIN 790773
)
Array
(
    [ID] => MEU ID DO RESPOSTA PUBLIGIN 790870
)
Array
(
    [ID] => MEU ID DO RESPOSTA PUBLIGIN 790987
)
Array
(
    [ID] => MEU ID DO RESPOSTA PUBLIGIN 791133
)
Array
(
    [ID] => MEU ID DO RESPOSTA PUBLIGIN 791200
)
Array
(
    [ID] => MEU ID DO RESPOSTA PUBLIGIN 791295
)
Array
(
    [ID] => MEU ID DO RESPOSTA PUBLIGIN 791407
)
Array
(
    [ID] => MEU ID DO RESPOSTA PUBLIGIN 791491
)
Array
(
    [ID] => MEU ID DO RESPOSTA PUBLIGIN 791577
)
Array
(
    [ID] => MEU ID DO RESPOSTA PUBLIGIN 791681
)
Array
(
    [ID] => MEU ID DO RESPOSTA PUBLIGIN 791806
)
Array
(
    [ID] => MEU ID DO RESPOSTA PUBLIGIN 791904
)
Array
(
    [ID] => MEU ID DO RESPOSTA PUBLIGIN 792013
)
Array
(
    [ID] => MEU ID DO RESPOSTA PUBLIGIN 792090
)
Array
(
    [ID] => MEU ID DO RESPOSTA PUBLIGIN 792192
)
Array
(
    [ID] => MEU ID DO RESPOSTA PUBLIGIN 792346
)
Array
(
    [ID] => MEU ID DO RESPOSTA PUBLIGIN 792438
)
Array
(
    [ID] => MEU ID DO RESPOSTA PUBLIGIN 792569
)
Array
(
    [ID] => MEU ID DO RESPOSTA PUBLIGIN 792662
)
Array
(
    [ID] => MEU ID DO RESPOSTA PUBLIGIN 792786
)
Array
(
    [ID] => MEU ID DO RESPOSTA PUBLIGIN 792905
)
Array
(
    [ID] => MEU ID DO RESPOSTA PUBLIGIN 793013
)
Array
(
    [ID] => MEU ID DO RESPOSTA PUBLIGIN 793018
)
Array
(
    [ID] => MEU ID DO RESPOSTA PUBLIGIN 793020
)
Array
(
    [ID] => MEU ID DO RESPOSTA PUBLIGIN 793030
)
Array
(
    [ID] => MEU ID DO RESPOSTA PUBLIGIN 793032
)
Array
(
    [ID] => MEU ID DO RESPOSTA PUBLIGIN 793037
)
Array
(
    [ID] => MEU ID DO RESPOSTA PUBLIGIN 793038
)
Array
(
    [ID] => MEU ID DO RESPOSTA PUBLIGIN 793039
)
Array
(
    [ID] => MEU ID DO RESPOSTA PUBLIGIN 793042
)
Array
(
    [ID] => MEU ID DO RESPOSTA PUBLIGIN 793044
)
Array
(
    [ID] => MEU ID DO RESPOSTA PUBLIGIN 793055
)
Array
(
    [ID] => MEU ID DO RESPOSTA PUBLIGIN 793062
)
Array
(
    [ID] => MEU ID DO RESPOSTA PUBLIGIN 793071
)
Array
(
    [ID] => MEU ID DO RESPOSTA PUBLIGIN 793094
)
Array
(
    [ID] => MEU ID DO RESPOSTA PUBLIGIN 793099
)
Array
(
    [ID] => MEU ID DO RESPOSTA PUBLIGIN 793107
)
Array
(
    [ID] => MEU ID DO RESPOSTA PUBLIGIN 793113
)
Array
(
    [ID] => MEU ID DO RESPOSTA PUBLIGIN 793117
)
Array
(
    [ID] => MEU ID DO RESPOSTA PUBLIGIN 793120
)
Array
(
    [ID] => MEU ID DO RESPOSTA PUBLIGIN 793130
)
Array
(
    [ID] => MEU ID DO RESPOSTA PUBLIGIN 793131
)
Array
(
    [ID] => MEU ID DO RESPOSTA PUBLIGIN 793132
)
Array
(
    [ID] => MEU ID DO RESPOSTA PUBLIGIN 793139
)
Array
(
    [ID] => MEU ID DO RESPOSTA PUBLIGIN 793140
)
Array
(
    [ID] => MEU ID DO RESPOSTA PUBLIGIN 793149
)
Array
(
    [ID] => MEU ID DO RESPOSTA PUBLIGIN 793159
)
Array
(
    [ID] => MEU ID DO RESPOSTA PUBLIGIN 793162
)
Array
(
    [ID] => MEU ID DO RESPOSTA PUBLIGIN 793166
)
Array
(
    [ID] => MEU ID DO RESPOSTA PUBLIGIN 793168
)
Array
(
    [ID] => MEU ID DO RESPOSTA PUBLIGIN 793173
)
Array
(
    [ID] => MEU ID DO RESPOSTA PUBLIGIN 793178
)
Array
(
    [ID] => MEU ID DO RESPOSTA PUBLIGIN 793183
)
Array
(
    [ID] => MEU ID DO RESPOSTA PUBLIGIN 793189
)
Array
(
    [ID] => MEU ID DO RESPOSTA PUBLIGIN 793192
)
Array
(
    [ID] => MEU ID DO RESPOSTA PUBLIGIN 793206
)
Array
(
    [ID] => MEU ID DO RESPOSTA PUBLIGIN 793253
)
Array
(
    [ID] => MEU ID DO RESPOSTA PUBLIGIN 793306
)
Array
(
    [ID] => MEU ID DO RESPOSTA PUBLIGIN 793346
)
Array
(
    [ID] => MEU ID DO RESPOSTA PUBLIGIN 793405
)
Array
(
    [ID] => MEU ID DO RESPOSTA PUBLIGIN 793457
)
Array
(
    [ID] => MEU ID DO RESPOSTA PUBLIGIN 793510
)
Array
(
    [ID] => MEU ID DO RESPOSTA PUBLIGIN 793561
)
Array
(
    [ID] => MEU ID DO RESPOSTA PUBLIGIN 793634
)
Array
(
    [ID] => MEU ID DO RESPOSTA PUBLIGIN 793667
)
Array
(
    [ID] => MEU ID DO RESPOSTA PUBLIGIN 793723
)
Array
(
    [ID] => MEU ID DO RESPOSTA PUBLIGIN 793767
)
Array
(
    [ID] => MEU ID DO RESPOSTA PUBLIGIN 793815
)
Array
(
    [ID] => MEU ID DO RESPOSTA PUBLIGIN 870269
)
Array
(
    [ID] => MEU ID DO RESPOSTA PUBLIGIN 870327
)
Array
(
    [ID] => MEU ID DO RESPOSTA PUBLIGIN 870368
)
Array
(
    [ID] => MEU ID DO RESPOSTA PUBLIGIN 870648
)
Array
(
    [ID] => MEU ID DO RESPOSTA PUBLIGIN 870688
)
Array
(
    [ID] => MEU ID DO RESPOSTA PUBLIGIN 870766
)
Array
(
    [ID] => MEU ID DO RESPOSTA PUBLIGIN 870832
)
Array
(
    [ID] => MEU ID DO RESPOSTA PUBLIGIN 871032
)
Array
(
    [ID] => MEU ID DO RESPOSTA PUBLIGIN 871090
)
Array
(
    [ID] => MEU ID DO RESPOSTA PUBLIGIN 871148
)
Array
(
    [ID] => MEU ID DO RESPOSTA PUBLIGIN 871202
)
Array
(
    [ID] => MEU ID DO RESPOSTA PUBLIGIN 871352
)
Array
(
    [ID] => MEU ID DO RESPOSTA PUBLIGIN 871410
)
Array
(
    [ID] => MEU ID DO RESPOSTA PUBLIGIN 871468
)
Array
(
    [ID] => MEU ID DO RESPOSTA PUBLIGIN 871526
)
Array
(
    [ID] => MEU ID DO RESPOSTA PUBLIGIN 871595
)
Array
(
    [ID] => MEU ID DO RESPOSTA PUBLIGIN 871648
)
Array
(
    [ID] => MEU ID DO RESPOSTA PUBLIGIN 871698
)
Array
(
    [ID] => MEU ID DO RESPOSTA PUBLIGIN 871751
)
Array
(
    [ID] => MEU ID DO RESPOSTA PUBLIGIN 871821
)
Array
(
    [ID] => MEU ID DO RESPOSTA PUBLIGIN 871879
)
Array
(
    [ID] => MEU ID DO RESPOSTA PUBLIGIN 871963
)
Array
(
    [ID] => MEU ID DO RESPOSTA PUBLIGIN 875680
)
Array
(
    [ID] => MEU ID DO RESPOSTA PUBLIGIN 877286
)
Array
(
    [ID] => MEU ID DO RESPOSTA PUBLIGIN 877355
)
Array
(
    [ID] => MEU ID DO RESPOSTA PUBLIGIN 877395
)
Array
(
    [ID] => MEU ID DO RESPOSTA PUBLIGIN 877436
)
Array
(
    [ID] => MEU ID DO RESPOSTA PUBLIGIN 878476
)
Array
(
    [ID] => MEU ID DO RESPOSTA PUBLIGIN 878544
)
Array
(
    [ID] => MEU ID DO RESPOSTA PUBLIGIN 878633
)
Array
(
    [ID] => MEU ID DO RESPOSTA PUBLIGIN 878685
)
Array
(
    [ID] => MEU ID DO RESPOSTA PUBLIGIN 878724
)
Array
(
    [ID] => MEU ID DO RESPOSTA PUBLIGIN 879251
)
Array
(
    [ID] => MEU ID DO RESPOSTA PUBLIGIN 879293
)
Array
(
    [ID] => MEU ID DO RESPOSTA PUBLIGIN 879359
)
Array
(
    [ID] => MEU ID DO RESPOSTA PUBLIGIN 879416
)
Array
(
    [ID] => MEU ID DO RESPOSTA PUBLIGIN 879488
)
Array
(
    [ID] => MEU ID DO RESPOSTA PUBLIGIN 879771
)
Array
(
    [ID] => MEU ID DO RESPOSTA PUBLIGIN 879831
)
Array
(
    [ID] => MEU ID DO RESPOSTA PUBLIGIN 879890
)
Array
(
    [ID] => MEU ID DO RESPOSTA PUBLIGIN 879929
)
Array
(
    [ID] => MEU ID DO RESPOSTA PUBLIGIN 879978
)
